<?xml version="1.0" encoding="UTF-8"?>
<testsuite xmlns:xsi="http://www.w3.org/2001/XMLSchema-instance" xsi:noNamespaceSchemaLocation="https://maven.apache.org/surefire/maven-surefire-plugin/xsd/surefire-test-report-3.0.xsd" version="3.0" name="TestSuite" time="25.849" tests="4" errors="0" skipped="0" failures="0">
  <properties>
[...]
</properties>
  <testcase name="shouldIdAnswerWithTrue" classname="selenium.AutomationTest.AppTest" time="0.135">
    <system-out><![CDATA[Test
]]></system-out>
    <system-err><![CDATA[SLF4J: Failed to load class "org.slf4j.impl.StaticLoggerBinder".
SLF4J: Defaulting to no-operation (NOP) logger implementation
SLF4J: See http://www.slf4j.org/codes.html#StaticLoggerBinder for further details.
Sep 25, 2023 3:35:47 AM org.openqa.selenium.devtools.CdpVersionFinder findNearestMatch
WARNING: Unable to find an exact match for CDP version 117, so returning the closest version found: 116
]]></system-err>
  </testcase>
  <testcase name="failedlogin" classname="selenium.AutomationTest.AutomationTest" time="6.849">
    <system-err><![CDATA[Sep 25, 2023 3:35:53 AM org.openqa.selenium.devtools.CdpVersionFinder findNearestMatch
WARNING: Unable to find an exact match for CDP version 117, so returning the closest version found: 116
]]></system-err>
  </testcase>
  <testcase name="login" classname="selenium.AutomationTest.AutomationTest" time="5.555">
    <system-err><![CDATA[Sep 25, 2023 3:35:59 AM org.openqa.selenium.devtools.CdpVersionFinder findNearestMatch
WARNING: Unable to find an exact match for CDP version 117, so returning the closest version found: 116
]]></system-err>
  </testcase>
  <testcase name="inputValidAppointment" classname="selenium.AutomationTest.MakeAppointmentTest" time="5.416">
    <system-out><![CDATA[Facility		: Seoul CURA Healthcare Center
Healthcare Program	: Medicare
Facility		: Hongkong CURA Healthcare Center
Healthcare Program	: None
Facility		: Tokyo CURA Healthcare Center
Healthcare Program	: Medicare
]]></system-out>
  </testcase>
</testsuite>