<?xml version="1.0" encoding="UTF-8"?>
<testng-results ignored="0" total="4" passed="4" failed="0" skipped="0">
  <reporter-output>
  </reporter-output>
  <suite started-at="2023-09-25T03:35:44 WIB" name="Surefire suite" finished-at="2023-09-25T03:36:09 WIB" duration-ms="24980">
    <groups>
    </groups>
    <test started-at="2023-09-25T03:35:44 WIB" name="Surefire test" finished-at="2023-09-25T03:36:09 WIB" duration-ms="24980">
      <class name="selenium.AutomationTest.MakeAppointmentTest">
        <test-method is-config="true" signature="setUp()[pri:0, instance:selenium.AutomationTest.MakeAppointmentTest@4686afc2]" started-at="2023-09-25T03:35:44 WIB" name="setUp" finished-at="2023-09-25T03:35:51 WIB" duration-ms="6794" status="PASS">
          <reporter-output>
          </reporter-output>
        </test-method> <!-- setUp -->
        <test-method signature="inputValidAppointment()[pri:0, instance:selenium.AutomationTest.MakeAppointmentTest@4686afc2]" started-at="2023-09-25T03:36:04 WIB" name="inputValidAppointment" finished-at="2023-09-25T03:36:09 WIB" duration-ms="5415" status="PASS">
          <reporter-output>
          </reporter-output>
        </test-method> <!-- inputValidAppointment -->
        <test-method is-config="true" signature="teraDown()[pri:0, instance:selenium.AutomationTest.MakeAppointmentTest@4686afc2]" started-at="2023-09-25T03:36:09 WIB" name="teraDown" finished-at="2023-09-25T03:36:09 WIB" duration-ms="168" status="PASS">
          <reporter-output>
          </reporter-output>
        </test-method> <!-- teraDown -->
      </class> <!-- selenium.AutomationTest.MakeAppointmentTest -->
      <class name="selenium.AutomationTest.AppTest">
        <test-method signature="shouldIdAnswerWithTrue()[pri:0, instance:selenium.AutomationTest.AppTest@47d9a273]" started-at="2023-09-25T03:35:51 WIB" name="shouldIdAnswerWithTrue" finished-at="2023-09-25T03:35:51 WIB" duration-ms="50" status="PASS">
          <reporter-output>
          </reporter-output>
        </test-method> <!-- shouldIdAnswerWithTrue -->
      </class> <!-- selenium.AutomationTest.AppTest -->
      <class name="selenium.AutomationTest.AutomationTest">
        <test-method signature="failedlogin()[pri:0, instance:selenium.AutomationTest.AutomationTest@d9345cd]" started-at="2023-09-25T03:35:51 WIB" name="failedlogin" finished-at="2023-09-25T03:35:58 WIB" duration-ms="6841" status="PASS">
          <reporter-output>
          </reporter-output>
        </test-method> <!-- failedlogin -->
        <test-method signature="login()[pri:0, instance:selenium.AutomationTest.AutomationTest@d9345cd]" started-at="2023-09-25T03:35:58 WIB" name="login" finished-at="2023-09-25T03:36:04 WIB" duration-ms="5559" status="PASS">
          <reporter-output>
          </reporter-output>
        </test-method> <!-- login -->
      </class> <!-- selenium.AutomationTest.AutomationTest -->
    </test> <!-- Surefire test -->
  </suite> <!-- Surefire suite -->
</testng-results>
