<?xml version="1.0" encoding="UTF-8"?>
<testng-results ignored="0" total="1" passed="1" failed="0" skipped="0">
  <reporter-output>
  </reporter-output>
  <suite started-at="2023-09-25T02:56:42 WIB" name="Default suite" finished-at="2023-09-25T02:56:54 WIB" duration-ms="11684">
    <groups>
    </groups>
    <test started-at="2023-09-25T02:56:42 WIB" name="Default test" finished-at="2023-09-25T02:56:54 WIB" duration-ms="11684">
      <class name="selenium.AutomationTest.MakeAppointmentTest">
        <test-method is-config="true" signature="setUp()[pri:0, instance:selenium.AutomationTest.MakeAppointmentTest@7161d8d1]" started-at="2023-09-25T02:56:42 WIB" name="setUp" finished-at="2023-09-25T02:56:50 WIB" duration-ms="7186" status="PASS">
          <reporter-output>
          </reporter-output>
        </test-method> <!-- setUp -->
        <test-method signature="inputValidAppointment()[pri:0, instance:selenium.AutomationTest.MakeAppointmentTest@7161d8d1]" started-at="2023-09-25T02:56:50 WIB" name="inputValidAppointment" finished-at="2023-09-25T02:56:54 WIB" duration-ms="4275" status="PASS">
          <reporter-output>
          </reporter-output>
        </test-method> <!-- inputValidAppointment -->
        <test-method is-config="true" signature="teraDown()[pri:0, instance:selenium.AutomationTest.MakeAppointmentTest@7161d8d1]" started-at="2023-09-25T02:56:54 WIB" name="teraDown" finished-at="2023-09-25T02:56:54 WIB" duration-ms="170" status="PASS">
          <reporter-output>
          </reporter-output>
        </test-method> <!-- teraDown -->
      </class> <!-- selenium.AutomationTest.MakeAppointmentTest -->
    </test> <!-- Default test -->
  </suite> <!-- Default suite -->
</testng-results>
