<?xml version="1.0" encoding="UTF-8"?>
<!-- Generated by org.testng.reporters.JUnitReportReporter -->
<testsuite hostname="DESKTOP-154SEC5" failures="0" tests="2" name="selenium.AutomationTest.AutomationTest" time="12.400" errors="0" timestamp="2023-09-25T03:36:10 WIB" skipped="0">
  <testcase classname="selenium.AutomationTest.AutomationTest" name="login" time="5.559"/>
  <testcase classname="selenium.AutomationTest.AutomationTest" name="failedlogin" time="6.841"/>
</testsuite> <!-- selenium.AutomationTest.AutomationTest -->
